<?xml version="1.0" encoding="UTF-8"?>
<!-- Generated by org.testng.reporters.JUnitReportReporter -->
<testsuite hostname="DESKTOP-5JRTJPH" failures="0" tests="1" name="YouTubeTrends.UTubeTrends.testing.AppTest" time="40.421" errors="0" timestamp="26 May 2024 19:11:24 GMT" skipped="0">
  <testcase classname="YouTubeTrends.UTubeTrends.testing.AppTest" name="test" time="40.421"/>
</testsuite> <!-- YouTubeTrends.UTubeTrends.testing.AppTest -->
