<?xml version="1.0" encoding="UTF-8"?>
<!-- Generated by org.testng.reporters.JUnitReportReporter -->
<testsuite hostname="DESKTOP-5JRTJPH" failures="0" tests="4" name="YouTubeTrends.UTubeTrends.testing.AppTest" time="285.272" errors="0" timestamp="09 Feb 2024 20:56:15 GMT" skipped="0">
  <testcase classname="YouTubeTrends.UTubeTrends.testing.AppTest" name="test4" time="91.978"/>
  <testcase classname="YouTubeTrends.UTubeTrends.testing.AppTest" name="test4" time="95.733"/>
  <testcase classname="YouTubeTrends.UTubeTrends.testing.AppTest" name="test4" time="40.402"/>
  <testcase classname="YouTubeTrends.UTubeTrends.testing.AppTest" name="test4" time="57.159"/>
</testsuite> <!-- YouTubeTrends.UTubeTrends.testing.AppTest -->
